17:18 Pusang_Gala: tt
17:42 Pusang_Gala placed suspicious LAVA_BUCKET @ world: x159, z375
17:42 Pusang_Gala placed suspicious LAVA_BUCKET @ world: x158, z379
17:42 Pusang_Gala placed suspicious LAVA_BUCKET @ world: x166, z374
17:43 Pusang_Gala placed suspicious LAVA_BUCKET @ world: x188, z409
17:43 Pusang_Gala placed suspicious LAVA_BUCKET @ world: x188, z409
17:43 Pusang_Gala placed suspicious LAVA_BUCKET @ world: x189, z410
17:43 Pusang_Gala placed suspicious LAVA_BUCKET @ world: x189, z410
17:43 Pusang_Gala placed suspicious LAVA_BUCKET @ world: x189, z409
17:43 Pusang_Gala placed suspicious LAVA_BUCKET @ world: x188, z404
17:43 Pusang_Gala placed suspicious LAVA_BUCKET @ world: x185, z403
17:43 Pusang_Gala placed suspicious LAVA_BUCKET @ world: x204, z415
17:43 Pusang_Gala placed suspicious LAVA_BUCKET @ world: x187, z424
17:54 MorphinTime:  placed a sign @ isla: x62, z98
  d
17:56 MorphinTime:  placed a sign @ isla: x62, z100
  Auction
17:57 MorphinTime:  placed a sign @ isla: x62, z100
  AUCTION
17:57 MorphinTime:  placed a sign @ isla: x62, z100
  AUCTION
17:57 MorphinTime:  placed a sign @ isla: x62, z100
  AUCTION
17:57 MorphinTime:  placed a sign @ isla: x62, z100
  AUCTION
17:58 MorphinTime:  placed a sign @ isla: x63, z100
  AUCTION
17:58 MorphinTime:  placed a sign @ isla: x45, z107
  CRATES
17:58 MorphinTime:  placed a sign @ isla: x22, z46
  BANK
17:59 MorphinTime:  placed a sign @ isla: x53, z19
  EATERY
17:59 MorphinTime:  placed a sign @ isla: x92, z0
  COSMETICS
18:00 MorphinTime:  placed a sign @ isla: x98, z51
  LIBRARY
18:00 MorphinTime:  placed a sign @ isla: x110, z51
  LIBRARY
18:01 MorphinTime:  placed a sign @ isla: x65, z-4
  WOOD SHOP
